-------------------------------------------------------------------------------
Test set: money.MoneyTest
-------------------------------------------------------------------------------
Tests run: 2, Failures: 1, Errors: 0, Skipped: 0, Time elapsed: 0.162 s <<< FAILURE! - in money.MoneyTest
money.MoneyTest.testEquality  Time elapsed: 0.004 s  <<< FAILURE!
org.opentest4j.AssertionFailedError: expected: <true> but was: <false>
	at money.MoneyTest.testEquality(MoneyTest.java:23)

